SF:lib/src/todo/core/data/datasource/todo_datasource.dart
DA:12,1
DA:14,1
DA:17,2
DA:19,1
DA:21,1
DA:22,3
DA:25,0
DA:26,0
DA:33,1
DA:36,1
DA:38,1
DA:40,1
DA:41,3
DA:44,0
DA:45,0
DA:51,1
DA:53,1
LF:17
LH:13
end_of_record
SF:lib/src/todo/core/data/models/todo_model.dart
DA:4,4
DA:11,3
DA:12,3
DA:13,3
DA:14,3
DA:15,3
DA:16,3
LF:7
LH:7
end_of_record
SF:lib/src/todo/core/failure/get_todo_failure.dart
DA:4,3
LF:1
LH:1
end_of_record
SF:lib/src/shared/infra/exception/http_error.dart
DA:4,1
LF:1
LH:1
end_of_record
SF:lib/src/shared/infra/exception/unknow_error.dart
DA:4,0
LF:1
LH:0
end_of_record
SF:lib/src/shared/infra/headers.dart
DA:2,2
DA:4,1
DA:6,1
DA:7,1
DA:10,1
DA:11,2
DA:12,0
DA:15,2
DA:20,1
DA:21,1
LF:10
LH:9
end_of_record
SF:lib/src/shared/infra/rest_template.dart
DA:14,1
DA:17,1
DA:20,4
DA:22,2
DA:23,0
DA:26,2
DA:27,1
DA:28,1
DA:29,2
DA:30,0
DA:31,0
DA:32,0
DA:33,0
DA:35,0
DA:39,1
DA:42,4
DA:44,2
DA:45,0
DA:48,2
DA:50,4
DA:51,1
DA:52,2
DA:53,0
DA:54,0
DA:55,0
DA:56,0
DA:58,0
DA:62,1
DA:63,3
DA:66,1
DA:67,1
DA:68,1
DA:72,1
LF:33
LH:21
end_of_record
SF:lib/src/shared/failure/failure.dart
DA:6,3
DA:8,1
DA:9,2
LF:3
LH:3
end_of_record
SF:lib/src/todo/core/data/entities/todo_entity.dart
DA:9,4
DA:16,3
DA:17,3
DA:18,3
DA:19,3
DA:20,3
DA:21,3
LF:7
LH:7
end_of_record
SF:lib/src/todo/core/data/repositories/todo_repository.dart
DA:10,1
DA:12,1
DA:14,2
DA:17,1
DA:19,2
LF:5
LH:5
end_of_record
